0 info it worked if it ends with ok
1 verbose cli [ '/usr/local/bin/node',
1 verbose cli   '/usr/local/bin/npm',
1 verbose cli   'install',
1 verbose cli   'localstorage' ]
2 info using npm@2.14.2
3 info using node@v4.0.0
4 verbose install initial load of /Users/sagarmistry/Documents/GitHub Projects/COP4331-Group4/server/package.json
5 verbose installManyTop reading scoped package data from /Users/sagarmistry/Documents/GitHub Projects/COP4331-Group4/server/node_modules/bcrypt/package.json
6 verbose installManyTop reading scoped package data from /Users/sagarmistry/Documents/GitHub Projects/COP4331-Group4/server/node_modules/express/package.json
7 verbose installManyTop reading scoped package data from /Users/sagarmistry/Documents/GitHub Projects/COP4331-Group4/server/node_modules/jsonwebtoken/package.json
8 verbose installManyTop reading scoped package data from /Users/sagarmistry/Documents/GitHub Projects/COP4331-Group4/server/node_modules/mysql/package.json
9 verbose readDependencies loading dependencies from /Users/sagarmistry/Documents/GitHub Projects/COP4331-Group4/server/package.json
10 silly cache add args [ 'localstorage', null ]
11 verbose cache add spec localstorage
12 silly cache add parsed spec Result {
12 silly cache add   raw: 'localstorage',
12 silly cache add   scope: null,
12 silly cache add   name: 'localstorage',
12 silly cache add   rawSpec: '',
12 silly cache add   spec: '*',
12 silly cache add   type: 'range' }
13 silly addNamed localstorage@*
14 verbose addNamed "*" is a valid semver range for localstorage
15 silly addNameRange { name: 'localstorage', range: '*', hasData: false }
16 silly mapToRegistry name localstorage
17 silly mapToRegistry using default registry
18 silly mapToRegistry registry https://registry.npmjs.org/
19 silly mapToRegistry uri https://registry.npmjs.org/localstorage
20 verbose addNameRange registry:https://registry.npmjs.org/localstorage not in flight; fetching
21 verbose request uri https://registry.npmjs.org/localstorage
22 verbose request no auth needed
23 info attempt registry request try #1 at 11:42:24 AM
24 verbose request id 7d35ab854f95d7d3
25 http request GET https://registry.npmjs.org/localstorage
26 http 404 https://registry.npmjs.org/localstorage
27 verbose headers { server: 'CouchDB/1.5.0 (Erlang OTP/R16B03)',
27 verbose headers   etag: '"9SWJR7VO59HS79XF20JNGTC93"',
27 verbose headers   'content-type': 'application/json',
27 verbose headers   'cache-control': 'max-age=0',
27 verbose headers   'content-length': '399',
27 verbose headers   'accept-ranges': 'bytes',
27 verbose headers   date: 'Fri, 25 Sep 2015 15:41:59 GMT',
27 verbose headers   via: '1.1 varnish',
27 verbose headers   age: '0',
27 verbose headers   connection: 'keep-alive',
27 verbose headers   'x-served-by': 'cache-atl6228-ATL',
27 verbose headers   'x-cache': 'MISS',
27 verbose headers   'x-cache-hits': '0',
27 verbose headers   'x-timer': 'S1443195719.203008,VS0,VE95',
27 verbose headers   vary: 'Accept' }
28 silly get cb [ 404,
28 silly get   { server: 'CouchDB/1.5.0 (Erlang OTP/R16B03)',
28 silly get     etag: '"9SWJR7VO59HS79XF20JNGTC93"',
28 silly get     'content-type': 'application/json',
28 silly get     'cache-control': 'max-age=0',
28 silly get     'content-length': '399',
28 silly get     'accept-ranges': 'bytes',
28 silly get     date: 'Fri, 25 Sep 2015 15:41:59 GMT',
28 silly get     via: '1.1 varnish',
28 silly get     age: '0',
28 silly get     connection: 'keep-alive',
28 silly get     'x-served-by': 'cache-atl6228-ATL',
28 silly get     'x-cache': 'MISS',
28 silly get     'x-cache-hits': '0',
28 silly get     'x-timer': 'S1443195719.203008,VS0,VE95',
28 silly get     vary: 'Accept' } ]
29 verbose stack Error: Registry returned 404 for GET on https://registry.npmjs.org/localstorage
29 verbose stack     at makeError (/usr/local/lib/node_modules/npm/node_modules/npm-registry-client/lib/request.js:263:12)
29 verbose stack     at CachingRegistryClient.<anonymous> (/usr/local/lib/node_modules/npm/node_modules/npm-registry-client/lib/request.js:241:14)
29 verbose stack     at Request._callback (/usr/local/lib/node_modules/npm/node_modules/npm-registry-client/lib/request.js:171:14)
29 verbose stack     at Request.self.callback (/usr/local/lib/node_modules/npm/node_modules/request/request.js:198:22)
29 verbose stack     at emitTwo (events.js:87:13)
29 verbose stack     at Request.emit (events.js:172:7)
29 verbose stack     at Request.<anonymous> (/usr/local/lib/node_modules/npm/node_modules/request/request.js:1073:14)
29 verbose stack     at emitOne (events.js:82:20)
29 verbose stack     at Request.emit (events.js:169:7)
29 verbose stack     at IncomingMessage.<anonymous> (/usr/local/lib/node_modules/npm/node_modules/request/request.js:1019:12)
30 verbose statusCode 404
31 verbose pkgid localstorage
32 verbose cwd /Users/sagarmistry/Documents/GitHub Projects/COP4331-Group4/server
33 error Darwin 14.3.0
34 error argv "/usr/local/bin/node" "/usr/local/bin/npm" "install" "localstorage"
35 error node v4.0.0
36 error npm  v2.14.2
37 error code E404
38 error 404 Registry returned 404 for GET on https://registry.npmjs.org/localstorage
38 error 404
38 error 404 'localstorage' is not in the npm registry.
38 error 404 You should bug the author to publish it (or use the name yourself!)
38 error 404
38 error 404 Note that you can also install from a
38 error 404 tarball, folder, http url, or git url.
39 verbose exit [ 1, true ]
